Build started 2/19/2012 10:09:52 PM.
     1>Project "C:\Users\teh\Documents\Visual Studio 2010\Projects\hw1\hw1\hw1.vcxproj" on node 2 (build target(s)).
     1>InitializeBuildStatus:
         Creating "Debug\hw1.unsuccessfulbuild" because "AlwaysCreate" was specified.
       ClCompile:
         All outputs are up-to-date.
         e:\Programming\Microsoft Visual Studio 10.0\VC\bin\CL.exe /c /I"glm-0.9.2.7" /ZI /nologo /W3 /WX- /Od /Oy- /D WIN32 /D _DEBUG /D _CONSOLE /D _UNICODE /D UNICODE /Gm /EHsc /RTC1 /MDd /GS /fp:precise /Zc:wchar_t /Zc:forScope /Yu"StdAfx.h" /Fp"Debug\hw1.pch" /Fo"Debug\\" /Fd"Debug\vc100.pdb" /Gd /TP /analyze- /errorReport:prompt Transform2a.cpp
         Transform2a.cpp
     1>c:\users\teh\documents\visual studio 2010\projects\hw1\hw1\transform2a.h(18): warning C4305: 'initializing' : truncation from 'double' to 'const float'
       ManifestResourceCompile:
         All outputs are up-to-date.
       Link:
         e:\Programming\Microsoft Visual Studio 10.0\VC\bin\link.exe /ERRORREPORT:PROMPT /OUT:"C:\Users\teh\Documents\Visual Studio 2010\Projects\hw1\Debug\hw1.exe" /INCREMENTAL /NOLOGO glew32.lib glut32.lib glu32.lib opengl32.lib /MANIFEST /ManifestFile:"Debug\hw1.exe.intermediate.manifest" /MANIFESTUAC:"level='asInvoker' uiAccess='false'" /DEBUG /PDB:"C:\Users\teh\Documents\Visual Studio 2010\Projects\hw1\Debug\hw1.pdb" /SUBSYSTEM:CONSOLE /TLBID:1 /DYNAMICBASE /NXCOMPAT /IMPLIB:"C:\Users\teh\Documents\Visual Studio 2010\Projects\hw1\Debug\hw1.lib" /MACHINE:X86 Debug\hw1.exe.embed.manifest.res
         Debug\hw1.obj
         Debug\main2a.obj
         Debug\shaders.obj
         Debug\stdafx.obj
         Debug\Transform2a.obj
       Manifest:
         C:\Program Files (x86)\Microsoft SDKs\Windows\v7.0A\bin\mt.exe /nologo /verbose /out:"Debug\hw1.exe.embed.manifest" /manifest Debug\hw1.exe.intermediate.manifest
         All outputs are up-to-date.
       LinkEmbedManifest:
         All outputs are up-to-date.
         hw1.vcxproj -> C:\Users\teh\Documents\Visual Studio 2010\Projects\hw1\Debug\hw1.exe
       FinalizeBuildStatus:
         Deleting file "Debug\hw1.unsuccessfulbuild".
         Touching "Debug\hw1.lastbuildstate".
     1>Done Building Project "C:\Users\teh\Documents\Visual Studio 2010\Projects\hw1\hw1\hw1.vcxproj" (build target(s)).

Build succeeded.

Time Elapsed 00:00:00.98
